[0m14:07:23.769349 [debug] [MainThread]: Sending event: {'category': 'dbt', 'action': 'invocation', 'label': 'start', 'context': [<snowplow_tracker.self_describing_json.SelfDescribingJson object at 0x000001A4B81C9F10>, <snowplow_tracker.self_describing_json.SelfDescribingJson object at 0x000001A4B8157590>, <snowplow_tracker.self_describing_json.SelfDescribingJson object at 0x000001A4B81C9110>]}


============================== 14:07:23.785027 | dc375cdc-2e46-44fc-bcae-bbffa3fac305 ==============================
[0m14:07:23.785027 [info ] [MainThread]: Running with dbt=1.11.2
[0m14:07:23.785027 [debug] [MainThread]: running dbt with arguments {'static_parser': 'True', 'no_print': 'None', 'version_check': 'True', 'target_path': 'None', 'warn_error_options': 'WarnErrorOptionsV2(error=[], warn=[], silence=[])', 'printer_width': '80', 'write_json': 'True', 'introspect': 'True', 'log_cache_events': 'False', 'empty': 'None', 'cache_selected_only': 'False', 'log_format': 'default', 'debug': 'False', 'fail_fast': 'False', 'partial_parse': 'True', 'send_anonymous_usage_stats': 'True', 'quiet': 'False', 'warn_error': 'None', 'profiles_dir': 'C:\\Users\\Abas\\.dbt', 'use_colors': 'True', 'invocation_command': 'dbt init medical_warehouse', 'indirect_selection': 'eager', 'use_experimental_parser': 'False', 'log_path': 'logs'}
[0m14:07:23.808874 [info ] [MainThread]: Creating dbt configuration folder at C:\Users\Abas\.dbt
[0m14:07:23.810869 [info ] [MainThread]: A project called medical_warehouse already exists here.
[0m14:07:23.812888 [debug] [MainThread]: Command `dbt init` succeeded at 14:07:23.811888 after 0.08 seconds
[0m14:07:23.812888 [debug] [MainThread]: Sending event: {'category': 'dbt', 'action': 'invocation', 'label': 'end', 'context': [<snowplow_tracker.self_describing_json.SelfDescribingJson object at 0x000001A4B8165990>, <snowplow_tracker.self_describing_json.SelfDescribingJson object at 0x000001A4B7F059D0>, <snowplow_tracker.self_describing_json.SelfDescribingJson object at 0x000001A4B14165D0>]}
[0m14:07:23.813867 [debug] [MainThread]: Flushing usage events
[0m14:07:25.113363 [debug] [MainThread]: An error was encountered while trying to flush usage events
[0m14:16:47.034748 [debug] [MainThread]: Sending event: {'category': 'dbt', 'action': 'invocation', 'label': 'start', 'context': [<snowplow_tracker.self_describing_json.SelfDescribingJson object at 0x0000022E65E82350>, <snowplow_tracker.self_describing_json.SelfDescribingJson object at 0x0000022E696CB950>, <snowplow_tracker.self_describing_json.SelfDescribingJson object at 0x0000022E696F9850>]}


============================== 14:16:47.041182 | 9140ec68-6afa-425e-870c-055de666d790 ==============================
[0m14:16:47.041182 [info ] [MainThread]: Running with dbt=1.11.2
[0m14:16:47.041182 [debug] [MainThread]: running dbt with arguments {'version_check': 'True', 'no_print': 'None', 'static_parser': 'True', 'warn_error_options': 'WarnErrorOptionsV2(error=[], warn=[], silence=[])', 'target_path': 'None', 'printer_width': '80', 'write_json': 'True', 'introspect': 'True', 'log_cache_events': 'False', 'empty': 'None', 'cache_selected_only': 'False', 'log_format': 'default', 'debug': 'False', 'fail_fast': 'False', 'partial_parse': 'True', 'send_anonymous_usage_stats': 'True', 'quiet': 'False', 'warn_error': 'None', 'profiles_dir': 'C:\\Users\\Abas\\.dbt', 'invocation_command': 'dbt docs generate', 'indirect_selection': 'eager', 'use_colors': 'True', 'use_experimental_parser': 'False', 'log_path': 'logs'}
[0m14:16:47.041182 [error] [MainThread]: Encountered an error:
Runtime Error
  No dbt_project.yml found at expected path E:\Shipping-a-Data-Product-From-Raw-Telegram-Data-to-an-Analytical-API-week_8\dbt_project.yml
  Verify that each entry within packages.yml (and their transitive dependencies) contains a file named dbt_project.yml
  
[0m14:16:47.043382 [debug] [MainThread]: Command `dbt docs generate` failed at 14:16:47.043382 after 0.06 seconds
[0m14:16:47.043382 [debug] [MainThread]: Sending event: {'category': 'dbt', 'action': 'invocation', 'label': 'end', 'context': [<snowplow_tracker.self_describing_json.SelfDescribingJson object at 0x0000022E696941D0>, <snowplow_tracker.self_describing_json.SelfDescribingJson object at 0x0000022E696FA610>, <snowplow_tracker.self_describing_json.SelfDescribingJson object at 0x0000022E69685C90>]}
[0m14:16:47.043382 [debug] [MainThread]: Flushing usage events
[0m14:16:48.223996 [debug] [MainThread]: An error was encountered while trying to flush usage events
[0m14:21:52.773527 [debug] [MainThread]: Sending event: {'category': 'dbt', 'action': 'invocation', 'label': 'start', 'context': [<snowplow_tracker.self_describing_json.SelfDescribingJson object at 0x0000020DE81D5610>, <snowplow_tracker.self_describing_json.SelfDescribingJson object at 0x0000020DE8249050>, <snowplow_tracker.self_describing_json.SelfDescribingJson object at 0x0000020DE81D7C90>]}


============================== 14:21:52.777781 | 3cd6f9ab-e13f-49ec-8258-600363454e82 ==============================
[0m14:21:52.777781 [info ] [MainThread]: Running with dbt=1.11.2
[0m14:21:52.777781 [debug] [MainThread]: running dbt with arguments {'static_parser': 'True', 'no_print': 'None', 'version_check': 'True', 'warn_error_options': 'WarnErrorOptionsV2(error=[], warn=[], silence=[])', 'target_path': 'None', 'printer_width': '80', 'write_json': 'True', 'empty': 'None', 'log_cache_events': 'False', 'introspect': 'True', 'cache_selected_only': 'False', 'fail_fast': 'False', 'debug': 'False', 'log_format': 'default', 'profiles_dir': 'C:\\Users\\Abas\\.dbt', 'send_anonymous_usage_stats': 'True', 'quiet': 'False', 'warn_error': 'None', 'partial_parse': 'True', 'use_colors': 'True', 'indirect_selection': 'eager', 'invocation_command': 'dbt docs generate', 'use_experimental_parser': 'False', 'log_path': 'logs'}
[0m14:21:52.777781 [error] [MainThread]: Encountered an error:
Runtime Error
  No dbt_project.yml found at expected path E:\Shipping-a-Data-Product-From-Raw-Telegram-Data-to-an-Analytical-API-week_8\dbt_project.yml
  Verify that each entry within packages.yml (and their transitive dependencies) contains a file named dbt_project.yml
  
[0m14:21:52.777781 [debug] [MainThread]: Command `dbt docs generate` failed at 14:21:52.777781 after 0.07 seconds
[0m14:21:52.777781 [debug] [MainThread]: Sending event: {'category': 'dbt', 'action': 'invocation', 'label': 'end', 'context': [<snowplow_tracker.self_describing_json.SelfDescribingJson object at 0x0000020DE826D2D0>, <snowplow_tracker.self_describing_json.SelfDescribingJson object at 0x0000020DE826D290>, <snowplow_tracker.self_describing_json.SelfDescribingJson object at 0x0000020DE81C3BD0>]}
[0m14:21:52.777781 [debug] [MainThread]: Flushing usage events
[0m14:21:54.037973 [debug] [MainThread]: An error was encountered while trying to flush usage events
[0m20:47:13.099124 [debug] [MainThread]: Sending event: {'category': 'dbt', 'action': 'invocation', 'label': 'start', 'context': [<snowplow_tracker.self_describing_json.SelfDescribingJson object at 0x000002855EB74CD0>, <snowplow_tracker.self_describing_json.SelfDescribingJson object at 0x000002855EBE95D0>, <snowplow_tracker.self_describing_json.SelfDescribingJson object at 0x000002855EAACFD0>]}


============================== 20:47:13.115026 | a80b73dc-e87a-4945-92ee-b9c82808c983 ==============================
[0m20:47:13.115026 [info ] [MainThread]: Running with dbt=1.11.2
[0m20:47:13.117653 [debug] [MainThread]: running dbt with arguments {'version_check': 'True', 'no_print': 'None', 'static_parser': 'True', 'warn_error_options': 'WarnErrorOptionsV2(error=[], warn=[], silence=[])', 'target_path': 'None', 'printer_width': '80', 'write_json': 'True', 'introspect': 'True', 'log_cache_events': 'False', 'empty': 'None', 'cache_selected_only': 'False', 'log_format': 'default', 'debug': 'False', 'fail_fast': 'False', 'profiles_dir': 'C:\\Users\\Abas\\.dbt', 'send_anonymous_usage_stats': 'True', 'quiet': 'False', 'warn_error': 'None', 'partial_parse': 'True', 'use_colors': 'True', 'invocation_command': 'dbt debug', 'indirect_selection': 'eager', 'use_experimental_parser': 'False', 'log_path': 'logs'}
[0m20:47:13.150611 [info ] [MainThread]: dbt version: 1.11.2
[0m20:47:13.150611 [info ] [MainThread]: python version: 3.11.0
[0m20:47:13.158915 [info ] [MainThread]: python path: E:\Shipping-a-Data-Product-From-Raw-Telegram-Data-to-an-Analytical-API-week_8\.venv\Scripts\python.exe
[0m20:47:13.158915 [info ] [MainThread]: os info: Windows-10-10.0.26100-SP0
[0m20:47:13.158915 [info ] [MainThread]: Using profiles dir at C:\Users\Abas\.dbt
[0m20:47:13.158915 [info ] [MainThread]: Using profiles.yml file at C:\Users\Abas\.dbt\profiles.yml
[0m20:47:13.158915 [info ] [MainThread]: Using dbt_project.yml file at E:\Shipping-a-Data-Product-From-Raw-Telegram-Data-to-an-Analytical-API-week_8\dbt_project.yml
[0m20:47:13.158915 [info ] [MainThread]: Configuration:
[0m20:47:13.158915 [info ] [MainThread]:   profiles.yml file [[31mERROR not found[0m]
[0m20:47:13.158915 [info ] [MainThread]:   dbt_project.yml file [[31mERROR not found[0m]
[0m20:47:13.158915 [info ] [MainThread]: Required dependencies:
[0m20:47:13.158915 [debug] [MainThread]: Executing "git --help"
[0m20:47:13.220863 [debug] [MainThread]: STDOUT: "b"usage: git [-v | --version] [-h | --help] [-C <path>] [-c <name>=<value>]\n           [--exec-path[=<path>]] [--html-path] [--man-path] [--info-path]\n           [-p | --paginate | -P | --no-pager] [--no-replace-objects] [--no-lazy-fetch]\n           [--no-optional-locks] [--no-advice] [--bare] [--git-dir=<path>]\n           [--work-tree=<path>] [--namespace=<name>] [--config-env=<name>=<envvar>]\n           <command> [<args>]\n\nThese are common Git commands used in various situations:\n\nstart a working area (see also: git help tutorial)\n   clone      Clone a repository into a new directory\n   init       Create an empty Git repository or reinitialize an existing one\n\nwork on the current change (see also: git help everyday)\n   add        Add file contents to the index\n   mv         Move or rename a file, a directory, or a symlink\n   restore    Restore working tree files\n   rm         Remove files from the working tree and from the index\n\nexamine the history and state (see also: git help revisions)\n   bisect     Use binary search to find the commit that introduced a bug\n   diff       Show changes between commits, commit and working tree, etc\n   grep       Print lines matching a pattern\n   log        Show commit logs\n   show       Show various types of objects\n   status     Show the working tree status\n\ngrow, mark and tweak your common history\n   backfill   Download missing objects in a partial clone\n   branch     List, create, or delete branches\n   commit     Record changes to the repository\n   merge      Join two or more development histories together\n   rebase     Reapply commits on top of another base tip\n   reset      Reset current HEAD to the specified state\n   switch     Switch branches\n   tag        Create, list, delete or verify a tag object signed with GPG\n\ncollaborate (see also: git help workflows)\n   fetch      Download objects and refs from another repository\n   pull       Fetch from and integrate with another repository or a local branch\n   push       Update remote refs along with associated objects\n\n'git help -a' and 'git help -g' list available subcommands and some\nconcept guides. See 'git help <command>' or 'git help <concept>'\nto read about a specific subcommand or concept.\nSee 'git help git' for an overview of the system.\n""
[0m20:47:13.220863 [debug] [MainThread]: STDERR: "b''"
[0m20:47:13.224687 [info ] [MainThread]:  - git [[32mOK found[0m]

[0m20:47:13.224687 [info ] [MainThread]: Connection test skipped since no profile was found
[0m20:47:13.224687 [info ] [MainThread]: [31m2 checks failed:[0m
[0m20:47:13.224687 [info ] [MainThread]: dbt looked for a profiles.yml file in C:\Users\Abas\.dbt\profiles.yml, but did
not find one. For more information on configuring your profile, consult the
documentation:

https://docs.getdbt.com/docs/configure-your-profile


[0m20:47:13.224687 [info ] [MainThread]: Project loading failed for the following reason:
 project path <E:\Shipping-a-Data-Product-From-Raw-Telegram-Data-to-an-Analytical-API-week_8\dbt_project.yml> not found

[0m20:47:13.224687 [debug] [MainThread]: Command `dbt debug` failed at 20:47:13.224687 after 0.19 seconds
[0m20:47:13.224687 [debug] [MainThread]: Sending event: {'category': 'dbt', 'action': 'invocation', 'label': 'end', 'context': [<snowplow_tracker.self_describing_json.SelfDescribingJson object at 0x000002855EBE7ED0>, <snowplow_tracker.self_describing_json.SelfDescribingJson object at 0x000002855EBE7850>, <snowplow_tracker.self_describing_json.SelfDescribingJson object at 0x000002855FC539D0>]}
[0m20:47:13.224687 [debug] [MainThread]: Flushing usage events
[0m20:47:15.484957 [debug] [MainThread]: An error was encountered while trying to flush usage events
[0m21:02:05.737788 [debug] [MainThread]: Sending event: {'category': 'dbt', 'action': 'invocation', 'label': 'start', 'context': [<snowplow_tracker.self_describing_json.SelfDescribingJson object at 0x000001A536DB5790>, <snowplow_tracker.self_describing_json.SelfDescribingJson object at 0x000001A53A5EB850>, <snowplow_tracker.self_describing_json.SelfDescribingJson object at 0x000001A53A5EB810>]}


============================== 21:02:05.737788 | d9b94b4b-164f-439b-875d-11a4a2aea4ef ==============================
[0m21:02:05.737788 [info ] [MainThread]: Running with dbt=1.11.2
[0m21:02:05.737788 [debug] [MainThread]: running dbt with arguments {'static_parser': 'True', 'no_print': 'None', 'version_check': 'True', 'warn_error_options': 'WarnErrorOptionsV2(error=[], warn=[], silence=[])', 'target_path': 'None', 'printer_width': '80', 'write_json': 'True', 'introspect': 'True', 'log_cache_events': 'False', 'empty': 'None', 'cache_selected_only': 'False', 'log_format': 'default', 'debug': 'False', 'fail_fast': 'False', 'profiles_dir': 'C:\\Users\\Abas\\.dbt', 'send_anonymous_usage_stats': 'True', 'quiet': 'False', 'warn_error': 'None', 'partial_parse': 'True', 'invocation_command': 'dbt debug', 'use_colors': 'True', 'indirect_selection': 'eager', 'use_experimental_parser': 'False', 'log_path': 'logs'}
[0m21:02:05.769213 [info ] [MainThread]: dbt version: 1.11.2
[0m21:02:05.769213 [info ] [MainThread]: python version: 3.11.0
[0m21:02:05.769213 [info ] [MainThread]: python path: E:\Shipping-a-Data-Product-From-Raw-Telegram-Data-to-an-Analytical-API-week_8\.venv\Scripts\python.exe
[0m21:02:05.769213 [info ] [MainThread]: os info: Windows-10-10.0.26100-SP0
[0m21:02:05.769213 [info ] [MainThread]: Using profiles dir at C:\Users\Abas\.dbt
[0m21:02:05.769213 [info ] [MainThread]: Using profiles.yml file at C:\Users\Abas\.dbt\profiles.yml
[0m21:02:05.769213 [info ] [MainThread]: Using dbt_project.yml file at E:\Shipping-a-Data-Product-From-Raw-Telegram-Data-to-an-Analytical-API-week_8\dbt_project.yml
[0m21:02:05.769213 [info ] [MainThread]: Configuration:
[0m21:02:05.769213 [info ] [MainThread]:   profiles.yml file [[31mERROR not found[0m]
[0m21:02:05.769213 [info ] [MainThread]:   dbt_project.yml file [[31mERROR not found[0m]
[0m21:02:05.769213 [info ] [MainThread]: Required dependencies:
[0m21:02:05.769213 [debug] [MainThread]: Executing "git --help"
[0m21:02:05.821830 [debug] [MainThread]: STDOUT: "b"usage: git [-v | --version] [-h | --help] [-C <path>] [-c <name>=<value>]\n           [--exec-path[=<path>]] [--html-path] [--man-path] [--info-path]\n           [-p | --paginate | -P | --no-pager] [--no-replace-objects] [--no-lazy-fetch]\n           [--no-optional-locks] [--no-advice] [--bare] [--git-dir=<path>]\n           [--work-tree=<path>] [--namespace=<name>] [--config-env=<name>=<envvar>]\n           <command> [<args>]\n\nThese are common Git commands used in various situations:\n\nstart a working area (see also: git help tutorial)\n   clone      Clone a repository into a new directory\n   init       Create an empty Git repository or reinitialize an existing one\n\nwork on the current change (see also: git help everyday)\n   add        Add file contents to the index\n   mv         Move or rename a file, a directory, or a symlink\n   restore    Restore working tree files\n   rm         Remove files from the working tree and from the index\n\nexamine the history and state (see also: git help revisions)\n   bisect     Use binary search to find the commit that introduced a bug\n   diff       Show changes between commits, commit and working tree, etc\n   grep       Print lines matching a pattern\n   log        Show commit logs\n   show       Show various types of objects\n   status     Show the working tree status\n\ngrow, mark and tweak your common history\n   backfill   Download missing objects in a partial clone\n   branch     List, create, or delete branches\n   commit     Record changes to the repository\n   merge      Join two or more development histories together\n   rebase     Reapply commits on top of another base tip\n   reset      Reset current HEAD to the specified state\n   switch     Switch branches\n   tag        Create, list, delete or verify a tag object signed with GPG\n\ncollaborate (see also: git help workflows)\n   fetch      Download objects and refs from another repository\n   pull       Fetch from and integrate with another repository or a local branch\n   push       Update remote refs along with associated objects\n\n'git help -a' and 'git help -g' list available subcommands and some\nconcept guides. See 'git help <command>' or 'git help <concept>'\nto read about a specific subcommand or concept.\nSee 'git help git' for an overview of the system.\n""
[0m21:02:05.821830 [debug] [MainThread]: STDERR: "b''"
[0m21:02:05.821830 [info ] [MainThread]:  - git [[32mOK found[0m]

[0m21:02:05.825992 [info ] [MainThread]: Connection test skipped since no profile was found
[0m21:02:05.825992 [info ] [MainThread]: [31m2 checks failed:[0m
[0m21:02:05.825992 [info ] [MainThread]: dbt looked for a profiles.yml file in C:\Users\Abas\.dbt\profiles.yml, but did
not find one. For more information on configuring your profile, consult the
documentation:

https://docs.getdbt.com/docs/configure-your-profile


[0m21:02:05.825992 [info ] [MainThread]: Project loading failed for the following reason:
 project path <E:\Shipping-a-Data-Product-From-Raw-Telegram-Data-to-an-Analytical-API-week_8\dbt_project.yml> not found

[0m21:02:05.825992 [debug] [MainThread]: Command `dbt debug` failed at 21:02:05.825992 after 0.15 seconds
[0m21:02:05.825992 [debug] [MainThread]: Sending event: {'category': 'dbt', 'action': 'invocation', 'label': 'end', 'context': [<snowplow_tracker.self_describing_json.SelfDescribingJson object at 0x000001A53A5B3150>, <snowplow_tracker.self_describing_json.SelfDescribingJson object at 0x000001A5396BC950>, <snowplow_tracker.self_describing_json.SelfDescribingJson object at 0x000001A53A5E8C90>]}
[0m21:02:05.825992 [debug] [MainThread]: Flushing usage events
[0m21:02:07.232561 [debug] [MainThread]: An error was encountered while trying to flush usage events
[0m21:02:18.046098 [debug] [MainThread]: Sending event: {'category': 'dbt', 'action': 'invocation', 'label': 'start', 'context': [<snowplow_tracker.self_describing_json.SelfDescribingJson object at 0x0000019B83321AD0>, <snowplow_tracker.self_describing_json.SelfDescribingJson object at 0x0000019B86B15050>, <snowplow_tracker.self_describing_json.SelfDescribingJson object at 0x0000019B86B17910>]}


============================== 21:02:18.046982 | c896a36f-8410-4e34-a6fa-5cd00f5586c5 ==============================
[0m21:02:18.046982 [info ] [MainThread]: Running with dbt=1.11.2
[0m21:02:18.046982 [debug] [MainThread]: running dbt with arguments {'version_check': 'True', 'no_print': 'None', 'static_parser': 'True', 'target_path': 'None', 'warn_error_options': 'WarnErrorOptionsV2(error=[], warn=[], silence=[])', 'printer_width': '80', 'write_json': 'True', 'empty': 'False', 'log_cache_events': 'False', 'introspect': 'True', 'cache_selected_only': 'False', 'fail_fast': 'False', 'debug': 'False', 'log_format': 'default', 'partial_parse': 'True', 'send_anonymous_usage_stats': 'True', 'quiet': 'False', 'warn_error': 'None', 'profiles_dir': 'C:\\Users\\Abas\\.dbt', 'indirect_selection': 'eager', 'invocation_command': 'dbt run', 'use_colors': 'True', 'use_experimental_parser': 'False', 'log_path': 'logs'}
[0m21:02:18.052712 [error] [MainThread]: Encountered an error:
Runtime Error
  No dbt_project.yml found at expected path E:\Shipping-a-Data-Product-From-Raw-Telegram-Data-to-an-Analytical-API-week_8\dbt_project.yml
  Verify that each entry within packages.yml (and their transitive dependencies) contains a file named dbt_project.yml
  
[0m21:02:18.052712 [debug] [MainThread]: Command `dbt run` failed at 21:02:18.052712 after 0.06 seconds
[0m21:02:18.052712 [debug] [MainThread]: Sending event: {'category': 'dbt', 'action': 'invocation', 'label': 'end', 'context': [<snowplow_tracker.self_describing_json.SelfDescribingJson object at 0x0000019B86B57390>, <snowplow_tracker.self_describing_json.SelfDescribingJson object at 0x0000019B80190E50>, <snowplow_tracker.self_describing_json.SelfDescribingJson object at 0x0000019B85C5CED0>]}
[0m21:02:18.052712 [debug] [MainThread]: Flushing usage events
[0m21:02:19.301003 [debug] [MainThread]: An error was encountered while trying to flush usage events
